Oct 18 18:53:24  [info] $Fatal Error Details = Array
(
    [message] => You do not have permission to access this page
    [code] => 
)


Oct 18 18:53:24  [info] $backTrace = #0 /mnt/data/vhosts/casite-451734.cloudaccess.net/httpdocs/administrator/components/com_civicrm/civicrm/CRM/Core/Error.php(306): CRM_Core_Error::backtrace("backTrace", TRUE)
#1 /mnt/data/vhosts/casite-451734.cloudaccess.net/httpdocs/administrator/components/com_civicrm/civicrm/CRM/Utils/System/Joomla.php(485): CRM_Core_Error::fatal("You do not have permission to access this page")
#2 /mnt/data/vhosts/casite-451734.cloudaccess.net/httpdocs/administrator/components/com_civicrm/civicrm/CRM/Utils/System.php(212): CRM_Utils_System_Joomla->permissionDenied()
#3 /mnt/data/vhosts/casite-451734.cloudaccess.net/httpdocs/administrator/components/com_civicrm/civicrm/CRM/Core/Invoke.php(130): CRM_Utils_System::permissionDenied()
#4 /mnt/data/vhosts/casite-451734.cloudaccess.net/httpdocs/components/com_civicrm/civicrm.php(78): CRM_Core_Invoke::invoke((Array:2))
#5 /mnt/data/vhosts/casite-451734.cloudaccess.net/httpdocs/components/com_civicrm/civicrm.php(18): civicrm_invoke()
#6 /mnt/data/vhosts/casite-451734.cloudaccess.net/httpdocs/libraries/joomla/application/component/helper.php(383): require_once("/mnt/data/vhosts/casite-451734.cloudaccess.net/httpdocs/components/com_civicr...")
#7 /mnt/data/vhosts/casite-451734.cloudaccess.net/httpdocs/libraries/joomla/application/component/helper.php(351): JComponentHelper::executeComponent("/mnt/data/vhosts/casite-451734.cloudaccess.net/httpdocs/components/com_civicr...")
#8 /mnt/data/vhosts/casite-451734.cloudaccess.net/httpdocs/includes/application.php(197): JComponentHelper::renderComponent("com_civicrm")
#9 /mnt/data/vhosts/casite-451734.cloudaccess.net/httpdocs/index.php(42): JSite->dispatch()
#10 {main}


Oct 18 18:53:31  [info] $Fatal Error Details = Array
(
    [message] => You do not have permission to access this page
    [code] => 
)


Oct 18 18:53:31  [info] $backTrace = #0 /mnt/data/vhosts/casite-451734.cloudaccess.net/httpdocs/administrator/components/com_civicrm/civicrm/CRM/Core/Error.php(306): CRM_Core_Error::backtrace("backTrace", TRUE)
#1 /mnt/data/vhosts/casite-451734.cloudaccess.net/httpdocs/administrator/components/com_civicrm/civicrm/CRM/Utils/System/Joomla.php(485): CRM_Core_Error::fatal("You do not have permission to access this page")
#2 /mnt/data/vhosts/casite-451734.cloudaccess.net/httpdocs/administrator/components/com_civicrm/civicrm/CRM/Utils/System.php(212): CRM_Utils_System_Joomla->permissionDenied()
#3 /mnt/data/vhosts/casite-451734.cloudaccess.net/httpdocs/administrator/components/com_civicrm/civicrm/CRM/Core/Invoke.php(130): CRM_Utils_System::permissionDenied()
#4 /mnt/data/vhosts/casite-451734.cloudaccess.net/httpdocs/components/com_civicrm/civicrm.php(78): CRM_Core_Invoke::invoke((Array:2))
#5 /mnt/data/vhosts/casite-451734.cloudaccess.net/httpdocs/components/com_civicrm/civicrm.php(18): civicrm_invoke()
#6 /mnt/data/vhosts/casite-451734.cloudaccess.net/httpdocs/libraries/joomla/application/component/helper.php(383): require_once("/mnt/data/vhosts/casite-451734.cloudaccess.net/httpdocs/components/com_civicr...")
#7 /mnt/data/vhosts/casite-451734.cloudaccess.net/httpdocs/libraries/joomla/application/component/helper.php(351): JComponentHelper::executeComponent("/mnt/data/vhosts/casite-451734.cloudaccess.net/httpdocs/components/com_civicr...")
#8 /mnt/data/vhosts/casite-451734.cloudaccess.net/httpdocs/includes/application.php(197): JComponentHelper::renderComponent("com_civicrm")
#9 /mnt/data/vhosts/casite-451734.cloudaccess.net/httpdocs/index.php(42): JSite->dispatch()
#10 {main}


Oct 18 18:53:48  [info] $Fatal Error Details = Array
(
    [message] => You do not have permission to access this page
    [code] => 
)


Oct 18 18:53:48  [info] $backTrace = #0 /mnt/data/vhosts/casite-451734.cloudaccess.net/httpdocs/administrator/components/com_civicrm/civicrm/CRM/Core/Error.php(306): CRM_Core_Error::backtrace("backTrace", TRUE)
#1 /mnt/data/vhosts/casite-451734.cloudaccess.net/httpdocs/administrator/components/com_civicrm/civicrm/CRM/Utils/System/Joomla.php(485): CRM_Core_Error::fatal("You do not have permission to access this page")
#2 /mnt/data/vhosts/casite-451734.cloudaccess.net/httpdocs/administrator/components/com_civicrm/civicrm/CRM/Utils/System.php(212): CRM_Utils_System_Joomla->permissionDenied()
#3 /mnt/data/vhosts/casite-451734.cloudaccess.net/httpdocs/administrator/components/com_civicrm/civicrm/CRM/Core/Invoke.php(130): CRM_Utils_System::permissionDenied()
#4 /mnt/data/vhosts/casite-451734.cloudaccess.net/httpdocs/components/com_civicrm/civicrm.php(78): CRM_Core_Invoke::invoke((Array:2))
#5 /mnt/data/vhosts/casite-451734.cloudaccess.net/httpdocs/components/com_civicrm/civicrm.php(18): civicrm_invoke()
#6 /mnt/data/vhosts/casite-451734.cloudaccess.net/httpdocs/libraries/joomla/application/component/helper.php(383): require_once("/mnt/data/vhosts/casite-451734.cloudaccess.net/httpdocs/components/com_civicr...")
#7 /mnt/data/vhosts/casite-451734.cloudaccess.net/httpdocs/libraries/joomla/application/component/helper.php(351): JComponentHelper::executeComponent("/mnt/data/vhosts/casite-451734.cloudaccess.net/httpdocs/components/com_civicr...")
#8 /mnt/data/vhosts/casite-451734.cloudaccess.net/httpdocs/includes/application.php(197): JComponentHelper::renderComponent("com_civicrm")
#9 /mnt/data/vhosts/casite-451734.cloudaccess.net/httpdocs/index.php(42): JSite->dispatch()
#10 {main}


Oct 18 19:01:40  [info] $Fatal Error Details = Array
(
    [message] => You do not have permission to access this page
    [code] => 
)


Oct 18 19:01:40  [info] $backTrace = #0 /mnt/data/vhosts/casite-451734.cloudaccess.net/httpdocs/administrator/components/com_civicrm/civicrm/CRM/Core/Error.php(306): CRM_Core_Error::backtrace("backTrace", TRUE)
#1 /mnt/data/vhosts/casite-451734.cloudaccess.net/httpdocs/administrator/components/com_civicrm/civicrm/CRM/Utils/System/Joomla.php(485): CRM_Core_Error::fatal("You do not have permission to access this page")
#2 /mnt/data/vhosts/casite-451734.cloudaccess.net/httpdocs/administrator/components/com_civicrm/civicrm/CRM/Utils/System.php(212): CRM_Utils_System_Joomla->permissionDenied()
#3 /mnt/data/vhosts/casite-451734.cloudaccess.net/httpdocs/administrator/components/com_civicrm/civicrm/CRM/Core/Invoke.php(130): CRM_Utils_System::permissionDenied()
#4 /mnt/data/vhosts/casite-451734.cloudaccess.net/httpdocs/components/com_civicrm/civicrm.php(78): CRM_Core_Invoke::invoke((Array:2))
#5 /mnt/data/vhosts/casite-451734.cloudaccess.net/httpdocs/components/com_civicrm/civicrm.php(18): civicrm_invoke()
#6 /mnt/data/vhosts/casite-451734.cloudaccess.net/httpdocs/libraries/joomla/application/component/helper.php(383): require_once("/mnt/data/vhosts/casite-451734.cloudaccess.net/httpdocs/components/com_civicr...")
#7 /mnt/data/vhosts/casite-451734.cloudaccess.net/httpdocs/libraries/joomla/application/component/helper.php(351): JComponentHelper::executeComponent("/mnt/data/vhosts/casite-451734.cloudaccess.net/httpdocs/components/com_civicr...")
#8 /mnt/data/vhosts/casite-451734.cloudaccess.net/httpdocs/includes/application.php(197): JComponentHelper::renderComponent("com_civicrm")
#9 /mnt/data/vhosts/casite-451734.cloudaccess.net/httpdocs/index.php(42): JSite->dispatch()
#10 {main}


Oct 18 19:02:13  [info] $Fatal Error Details = Array
(
    [message] => You do not have permission to access this page
    [code] => 
)


Oct 18 19:02:13  [info] $backTrace = #0 /mnt/data/vhosts/casite-451734.cloudaccess.net/httpdocs/administrator/components/com_civicrm/civicrm/CRM/Core/Error.php(306): CRM_Core_Error::backtrace("backTrace", TRUE)
#1 /mnt/data/vhosts/casite-451734.cloudaccess.net/httpdocs/administrator/components/com_civicrm/civicrm/CRM/Utils/System/Joomla.php(485): CRM_Core_Error::fatal("You do not have permission to access this page")
#2 /mnt/data/vhosts/casite-451734.cloudaccess.net/httpdocs/administrator/components/com_civicrm/civicrm/CRM/Utils/System.php(212): CRM_Utils_System_Joomla->permissionDenied()
#3 /mnt/data/vhosts/casite-451734.cloudaccess.net/httpdocs/administrator/components/com_civicrm/civicrm/CRM/Core/Invoke.php(130): CRM_Utils_System::permissionDenied()
#4 /mnt/data/vhosts/casite-451734.cloudaccess.net/httpdocs/components/com_civicrm/civicrm.php(78): CRM_Core_Invoke::invoke((Array:2))
#5 /mnt/data/vhosts/casite-451734.cloudaccess.net/httpdocs/components/com_civicrm/civicrm.php(18): civicrm_invoke()
#6 /mnt/data/vhosts/casite-451734.cloudaccess.net/httpdocs/libraries/joomla/application/component/helper.php(383): require_once("/mnt/data/vhosts/casite-451734.cloudaccess.net/httpdocs/components/com_civicr...")
#7 /mnt/data/vhosts/casite-451734.cloudaccess.net/httpdocs/libraries/joomla/application/component/helper.php(351): JComponentHelper::executeComponent("/mnt/data/vhosts/casite-451734.cloudaccess.net/httpdocs/components/com_civicr...")
#8 /mnt/data/vhosts/casite-451734.cloudaccess.net/httpdocs/includes/application.php(197): JComponentHelper::renderComponent("com_civicrm")
#9 /mnt/data/vhosts/casite-451734.cloudaccess.net/httpdocs/index.php(42): JSite->dispatch()
#10 {main}


Oct 18 19:16:34  [info] $Fatal Error Details = Array
(
    [message] => There are no events with Price Sets
    [code] => 
)


Oct 18 19:16:34  [info] $backTrace = #0 /mnt/data/vhosts/casite-451734.cloudaccess.net/httpdocs/administrator/components/com_civicrm/civicrm/CRM/Core/Error.php(306): CRM_Core_Error::backtrace("backTrace", TRUE)
#1 /mnt/data/vhosts/casite-451734.cloudaccess.net/httpdocs/administrator/components/com_civicrm/civicrm/CRM/Contact/Form/Search/Custom/PriceSet.php(184): CRM_Core_Error::fatal("There are no events with Price Sets")
#2 /mnt/data/vhosts/casite-451734.cloudaccess.net/httpdocs/administrator/components/com_civicrm/civicrm/CRM/Contact/Form/Search/Custom.php(93): CRM_Contact_Form_Search_Custom_PriceSet->buildForm(Object(CRM_Contact_Form_Search_Custom))
#3 /mnt/data/vhosts/casite-451734.cloudaccess.net/httpdocs/administrator/components/com_civicrm/civicrm/CRM/Core/Form.php(350): CRM_Contact_Form_Search_Custom->buildQuickForm()
#4 /mnt/data/vhosts/casite-451734.cloudaccess.net/httpdocs/administrator/components/com_civicrm/civicrm/CRM/Core/QuickForm/Action/Display.php(93): CRM_Core_Form->buildForm()
#5 /mnt/data/vhosts/casite-451734.cloudaccess.net/httpdocs/administrator/components/com_civicrm/civicrm/packages/HTML/QuickForm/Controller.php(203): CRM_Core_QuickForm_Action_Display->perform(Object(CRM_Contact_Form_Search_Custom), "display")
#6 /mnt/data/vhosts/casite-451734.cloudaccess.net/httpdocs/administrator/components/com_civicrm/civicrm/packages/HTML/QuickForm/Page.php(103): HTML_QuickForm_Controller->handle(Object(CRM_Contact_Form_Search_Custom), "display")
#7 /mnt/data/vhosts/casite-451734.cloudaccess.net/httpdocs/administrator/components/com_civicrm/civicrm/CRM/Core/Controller.php(289): HTML_QuickForm_Page->handle("display")
#8 /mnt/data/vhosts/casite-451734.cloudaccess.net/httpdocs/administrator/components/com_civicrm/civicrm/CRM/Core/Invoke.php(227): CRM_Core_Controller->run((Array:4), (Array:0))
#9 /mnt/data/vhosts/casite-451734.cloudaccess.net/httpdocs/administrator/components/com_civicrm/admin.civicrm.php(87): CRM_Core_Invoke::invoke((Array:4))
#10 /mnt/data/vhosts/casite-451734.cloudaccess.net/httpdocs/administrator/components/com_civicrm/admin.civicrm.php(40): civicrm_invoke()
#11 /mnt/data/vhosts/casite-451734.cloudaccess.net/httpdocs/libraries/joomla/application/component/helper.php(383): require_once("/mnt/data/vhosts/casite-451734.cloudaccess.net/httpdocs/administrator/compone...")
#12 /mnt/data/vhosts/casite-451734.cloudaccess.net/httpdocs/libraries/joomla/application/component/helper.php(351): JComponentHelper::executeComponent("/mnt/data/vhosts/casite-451734.cloudaccess.net/httpdocs/administrator/compone...")
#13 /mnt/data/vhosts/casite-451734.cloudaccess.net/httpdocs/administrator/includes/application.php(153): JComponentHelper::renderComponent("com_civicrm")
#14 /mnt/data/vhosts/casite-451734.cloudaccess.net/httpdocs/administrator/index.php(46): JAdministrator->dispatch()
#15 {main}


Oct 18 19:25:05  [info] $Fatal Error Details = Array
(
    [message] => You do not have permission to access this page
    [code] => 
)


Oct 18 19:25:05  [info] $backTrace = #0 /mnt/data/vhosts/casite-451734.cloudaccess.net/httpdocs/administrator/components/com_civicrm/civicrm/CRM/Core/Error.php(306): CRM_Core_Error::backtrace("backTrace", TRUE)
#1 /mnt/data/vhosts/casite-451734.cloudaccess.net/httpdocs/administrator/components/com_civicrm/civicrm/CRM/Utils/System/Joomla.php(485): CRM_Core_Error::fatal("You do not have permission to access this page")
#2 /mnt/data/vhosts/casite-451734.cloudaccess.net/httpdocs/administrator/components/com_civicrm/civicrm/CRM/Utils/System.php(212): CRM_Utils_System_Joomla->permissionDenied()
#3 /mnt/data/vhosts/casite-451734.cloudaccess.net/httpdocs/administrator/components/com_civicrm/civicrm/CRM/Core/Invoke.php(130): CRM_Utils_System::permissionDenied()
#4 /mnt/data/vhosts/casite-451734.cloudaccess.net/httpdocs/components/com_civicrm/civicrm.php(78): CRM_Core_Invoke::invoke((Array:2))
#5 /mnt/data/vhosts/casite-451734.cloudaccess.net/httpdocs/components/com_civicrm/civicrm.php(18): civicrm_invoke()
#6 /mnt/data/vhosts/casite-451734.cloudaccess.net/httpdocs/libraries/joomla/application/component/helper.php(383): require_once("/mnt/data/vhosts/casite-451734.cloudaccess.net/httpdocs/components/com_civicr...")
#7 /mnt/data/vhosts/casite-451734.cloudaccess.net/httpdocs/libraries/joomla/application/component/helper.php(351): JComponentHelper::executeComponent("/mnt/data/vhosts/casite-451734.cloudaccess.net/httpdocs/components/com_civicr...")
#8 /mnt/data/vhosts/casite-451734.cloudaccess.net/httpdocs/includes/application.php(197): JComponentHelper::renderComponent("com_civicrm")
#9 /mnt/data/vhosts/casite-451734.cloudaccess.net/httpdocs/index.php(42): JSite->dispatch()
#10 {main}


Oct 18 19:33:15  [info] $Fatal Error Details = Array
(
    [message] => You do not have permission to access this page
    [code] => 
)


Oct 18 19:33:15  [info] $backTrace = #0 /mnt/data/vhosts/casite-451734.cloudaccess.net/httpdocs/administrator/components/com_civicrm/civicrm/CRM/Core/Error.php(306): CRM_Core_Error::backtrace("backTrace", TRUE)
#1 /mnt/data/vhosts/casite-451734.cloudaccess.net/httpdocs/administrator/components/com_civicrm/civicrm/CRM/Utils/System/Joomla.php(485): CRM_Core_Error::fatal("You do not have permission to access this page")
#2 /mnt/data/vhosts/casite-451734.cloudaccess.net/httpdocs/administrator/components/com_civicrm/civicrm/CRM/Utils/System.php(212): CRM_Utils_System_Joomla->permissionDenied()
#3 /mnt/data/vhosts/casite-451734.cloudaccess.net/httpdocs/administrator/components/com_civicrm/civicrm/CRM/Core/Invoke.php(130): CRM_Utils_System::permissionDenied()
#4 /mnt/data/vhosts/casite-451734.cloudaccess.net/httpdocs/components/com_civicrm/civicrm.php(78): CRM_Core_Invoke::invoke((Array:2))
#5 /mnt/data/vhosts/casite-451734.cloudaccess.net/httpdocs/components/com_civicrm/civicrm.php(18): civicrm_invoke()
#6 /mnt/data/vhosts/casite-451734.cloudaccess.net/httpdocs/libraries/joomla/application/component/helper.php(383): require_once("/mnt/data/vhosts/casite-451734.cloudaccess.net/httpdocs/components/com_civicr...")
#7 /mnt/data/vhosts/casite-451734.cloudaccess.net/httpdocs/libraries/joomla/application/component/helper.php(351): JComponentHelper::executeComponent("/mnt/data/vhosts/casite-451734.cloudaccess.net/httpdocs/components/com_civicr...")
#8 /mnt/data/vhosts/casite-451734.cloudaccess.net/httpdocs/includes/application.php(197): JComponentHelper::renderComponent("com_civicrm")
#9 /mnt/data/vhosts/casite-451734.cloudaccess.net/httpdocs/index.php(42): JSite->dispatch()
#10 {main}


Oct 18 19:55:06  [info] $Fatal Error Details = Array
(
    [message] => The requested Profile (gid=) is disabled, OR there is no Profile with that ID, OR a valid 'gid=' integer value is missing from the URL. Contact the site administrator if you need assistance.
    [code] => 
)


Oct 18 19:55:06  [info] $backTrace = #0 /mnt/data/vhosts/casite-451734.cloudaccess.net/httpdocs/administrator/components/com_civicrm/civicrm/CRM/Core/Error.php(306): CRM_Core_Error::backtrace("backTrace", TRUE)
#1 /mnt/data/vhosts/casite-451734.cloudaccess.net/httpdocs/administrator/components/com_civicrm/civicrm/CRM/Profile/Form/Edit.php(115): CRM_Core_Error::fatal("The requested Profile (gid=) is disabled, OR there is no Profile with that ID...")
#2 /mnt/data/vhosts/casite-451734.cloudaccess.net/httpdocs/administrator/components/com_civicrm/civicrm/CRM/Core/Form.php(338): CRM_Profile_Form_Edit->preProcess()
#3 /mnt/data/vhosts/casite-451734.cloudaccess.net/httpdocs/administrator/components/com_civicrm/civicrm/CRM/Core/QuickForm/Action/Display.php(93): CRM_Core_Form->buildForm()
#4 /mnt/data/vhosts/casite-451734.cloudaccess.net/httpdocs/administrator/components/com_civicrm/civicrm/packages/HTML/QuickForm/Controller.php(203): CRM_Core_QuickForm_Action_Display->perform(Object(CRM_Profile_Form_Edit), "display")
#5 /mnt/data/vhosts/casite-451734.cloudaccess.net/httpdocs/administrator/components/com_civicrm/civicrm/packages/HTML/QuickForm/Page.php(103): HTML_QuickForm_Controller->handle(Object(CRM_Profile_Form_Edit), "display")
#6 /mnt/data/vhosts/casite-451734.cloudaccess.net/httpdocs/administrator/components/com_civicrm/civicrm/CRM/Core/Controller.php(289): HTML_QuickForm_Page->handle("display")
#7 /mnt/data/vhosts/casite-451734.cloudaccess.net/httpdocs/administrator/components/com_civicrm/civicrm/CRM/Utils/Wrapper.php(115): CRM_Core_Controller->run()
#8 /mnt/data/vhosts/casite-451734.cloudaccess.net/httpdocs/administrator/components/com_civicrm/civicrm/CRM/Core/Invoke.php(365): CRM_Utils_Wrapper->run("CRM_Profile_Form_Edit", "Create Profile", (Array:2))
#9 [internal function](): CRM_Core_Invoke::profile((Array:3))
#10 /mnt/data/vhosts/casite-451734.cloudaccess.net/httpdocs/administrator/components/com_civicrm/civicrm/CRM/Core/Invoke.php(185): call_user_func((Array:2), (Array:3))
#11 /mnt/data/vhosts/casite-451734.cloudaccess.net/httpdocs/components/com_civicrm/civicrm.php(78): CRM_Core_Invoke::invoke((Array:3))
#12 /mnt/data/vhosts/casite-451734.cloudaccess.net/httpdocs/components/com_civicrm/civicrm.php(18): civicrm_invoke()
#13 /mnt/data/vhosts/casite-451734.cloudaccess.net/httpdocs/libraries/joomla/application/component/helper.php(383): require_once("/mnt/data/vhosts/casite-451734.cloudaccess.net/httpdocs/components/com_civicr...")
#14 /mnt/data/vhosts/casite-451734.cloudaccess.net/httpdocs/libraries/joomla/application/component/helper.php(351): JComponentHelper::executeComponent("/mnt/data/vhosts/casite-451734.cloudaccess.net/httpdocs/components/com_civicr...")
#15 /mnt/data/vhosts/casite-451734.cloudaccess.net/httpdocs/includes/application.php(197): JComponentHelper::renderComponent("com_civicrm")
#16 /mnt/data/vhosts/casite-451734.cloudaccess.net/httpdocs/index.php(42): JSite->dispatch()
#17 {main}


Oct 18 19:55:45  [info] $Fatal Error Details = Array
(
    [message] => The requested Profile (gid=) is disabled, OR there is no Profile with that ID, OR a valid 'gid=' integer value is missing from the URL. Contact the site administrator if you need assistance.
    [code] => 
)


Oct 18 19:55:45  [info] $backTrace = #0 /mnt/data/vhosts/casite-451734.cloudaccess.net/httpdocs/administrator/components/com_civicrm/civicrm/CRM/Core/Error.php(306): CRM_Core_Error::backtrace("backTrace", TRUE)
#1 /mnt/data/vhosts/casite-451734.cloudaccess.net/httpdocs/administrator/components/com_civicrm/civicrm/CRM/Profile/Form/Edit.php(115): CRM_Core_Error::fatal("The requested Profile (gid=) is disabled, OR there is no Profile with that ID...")
#2 /mnt/data/vhosts/casite-451734.cloudaccess.net/httpdocs/administrator/components/com_civicrm/civicrm/CRM/Core/Form.php(338): CRM_Profile_Form_Edit->preProcess()
#3 /mnt/data/vhosts/casite-451734.cloudaccess.net/httpdocs/administrator/components/com_civicrm/civicrm/CRM/Core/QuickForm/Action/Display.php(93): CRM_Core_Form->buildForm()
#4 /mnt/data/vhosts/casite-451734.cloudaccess.net/httpdocs/administrator/components/com_civicrm/civicrm/packages/HTML/QuickForm/Controller.php(203): CRM_Core_QuickForm_Action_Display->perform(Object(CRM_Profile_Form_Edit), "display")
#5 /mnt/data/vhosts/casite-451734.cloudaccess.net/httpdocs/administrator/components/com_civicrm/civicrm/packages/HTML/QuickForm/Page.php(103): HTML_QuickForm_Controller->handle(Object(CRM_Profile_Form_Edit), "display")
#6 /mnt/data/vhosts/casite-451734.cloudaccess.net/httpdocs/administrator/components/com_civicrm/civicrm/CRM/Core/Controller.php(289): HTML_QuickForm_Page->handle("display")
#7 /mnt/data/vhosts/casite-451734.cloudaccess.net/httpdocs/administrator/components/com_civicrm/civicrm/CRM/Utils/Wrapper.php(115): CRM_Core_Controller->run()
#8 /mnt/data/vhosts/casite-451734.cloudaccess.net/httpdocs/administrator/components/com_civicrm/civicrm/CRM/Core/Invoke.php(365): CRM_Utils_Wrapper->run("CRM_Profile_Form_Edit", "Create Profile", (Array:2))
#9 [internal function](): CRM_Core_Invoke::profile((Array:3))
#10 /mnt/data/vhosts/casite-451734.cloudaccess.net/httpdocs/administrator/components/com_civicrm/civicrm/CRM/Core/Invoke.php(185): call_user_func((Array:2), (Array:3))
#11 /mnt/data/vhosts/casite-451734.cloudaccess.net/httpdocs/components/com_civicrm/civicrm.php(78): CRM_Core_Invoke::invoke((Array:3))
#12 /mnt/data/vhosts/casite-451734.cloudaccess.net/httpdocs/components/com_civicrm/civicrm.php(18): civicrm_invoke()
#13 /mnt/data/vhosts/casite-451734.cloudaccess.net/httpdocs/libraries/joomla/application/component/helper.php(383): require_once("/mnt/data/vhosts/casite-451734.cloudaccess.net/httpdocs/components/com_civicr...")
#14 /mnt/data/vhosts/casite-451734.cloudaccess.net/httpdocs/libraries/joomla/application/component/helper.php(351): JComponentHelper::executeComponent("/mnt/data/vhosts/casite-451734.cloudaccess.net/httpdocs/components/com_civicr...")
#15 /mnt/data/vhosts/casite-451734.cloudaccess.net/httpdocs/includes/application.php(197): JComponentHelper::renderComponent("com_civicrm")
#16 /mnt/data/vhosts/casite-451734.cloudaccess.net/httpdocs/index.php(42): JSite->dispatch()
#17 {main}


Oct 18 19:58:14  [info] $Fatal Error Details = Array
(
    [message] => The requested Profile (gid=) is disabled, OR there is no Profile with that ID, OR a valid 'gid=' integer value is missing from the URL. Contact the site administrator if you need assistance.
    [code] => 
)


Oct 18 19:58:14  [info] $backTrace = #0 /mnt/data/vhosts/casite-451734.cloudaccess.net/httpdocs/administrator/components/com_civicrm/civicrm/CRM/Core/Error.php(306): CRM_Core_Error::backtrace("backTrace", TRUE)
#1 /mnt/data/vhosts/casite-451734.cloudaccess.net/httpdocs/administrator/components/com_civicrm/civicrm/CRM/Profile/Form/Edit.php(115): CRM_Core_Error::fatal("The requested Profile (gid=) is disabled, OR there is no Profile with that ID...")
#2 /mnt/data/vhosts/casite-451734.cloudaccess.net/httpdocs/administrator/components/com_civicrm/civicrm/CRM/Core/Form.php(338): CRM_Profile_Form_Edit->preProcess()
#3 /mnt/data/vhosts/casite-451734.cloudaccess.net/httpdocs/administrator/components/com_civicrm/civicrm/CRM/Core/QuickForm/Action/Display.php(93): CRM_Core_Form->buildForm()
#4 /mnt/data/vhosts/casite-451734.cloudaccess.net/httpdocs/administrator/components/com_civicrm/civicrm/packages/HTML/QuickForm/Controller.php(203): CRM_Core_QuickForm_Action_Display->perform(Object(CRM_Profile_Form_Edit), "display")
#5 /mnt/data/vhosts/casite-451734.cloudaccess.net/httpdocs/administrator/components/com_civicrm/civicrm/packages/HTML/QuickForm/Page.php(103): HTML_QuickForm_Controller->handle(Object(CRM_Profile_Form_Edit), "display")
#6 /mnt/data/vhosts/casite-451734.cloudaccess.net/httpdocs/administrator/components/com_civicrm/civicrm/CRM/Core/Controller.php(289): HTML_QuickForm_Page->handle("display")
#7 /mnt/data/vhosts/casite-451734.cloudaccess.net/httpdocs/administrator/components/com_civicrm/civicrm/CRM/Utils/Wrapper.php(115): CRM_Core_Controller->run()
#8 /mnt/data/vhosts/casite-451734.cloudaccess.net/httpdocs/administrator/components/com_civicrm/civicrm/CRM/Core/Invoke.php(365): CRM_Utils_Wrapper->run("CRM_Profile_Form_Edit", "Create Profile", (Array:2))
#9 [internal function](): CRM_Core_Invoke::profile((Array:3))
#10 /mnt/data/vhosts/casite-451734.cloudaccess.net/httpdocs/administrator/components/com_civicrm/civicrm/CRM/Core/Invoke.php(185): call_user_func((Array:2), (Array:3))
#11 /mnt/data/vhosts/casite-451734.cloudaccess.net/httpdocs/components/com_civicrm/civicrm.php(78): CRM_Core_Invoke::invoke((Array:3))
#12 /mnt/data/vhosts/casite-451734.cloudaccess.net/httpdocs/components/com_civicrm/civicrm.php(18): civicrm_invoke()
#13 /mnt/data/vhosts/casite-451734.cloudaccess.net/httpdocs/libraries/joomla/application/component/helper.php(383): require_once("/mnt/data/vhosts/casite-451734.cloudaccess.net/httpdocs/components/com_civicr...")
#14 /mnt/data/vhosts/casite-451734.cloudaccess.net/httpdocs/libraries/joomla/application/component/helper.php(351): JComponentHelper::executeComponent("/mnt/data/vhosts/casite-451734.cloudaccess.net/httpdocs/components/com_civicr...")
#15 /mnt/data/vhosts/casite-451734.cloudaccess.net/httpdocs/includes/application.php(197): JComponentHelper::renderComponent("com_civicrm")
#16 /mnt/data/vhosts/casite-451734.cloudaccess.net/httpdocs/index.php(42): JSite->dispatch()
#17 {main}


Oct 18 20:01:22  [info] $Fatal Error Details = Array
(
    [message] => The requested Profile (gid=) is disabled, OR there is no Profile with that ID, OR a valid 'gid=' integer value is missing from the URL. Contact the site administrator if you need assistance.
    [code] => 
)


Oct 18 20:01:22  [info] $backTrace = #0 /mnt/data/vhosts/casite-451734.cloudaccess.net/httpdocs/administrator/components/com_civicrm/civicrm/CRM/Core/Error.php(306): CRM_Core_Error::backtrace("backTrace", TRUE)
#1 /mnt/data/vhosts/casite-451734.cloudaccess.net/httpdocs/administrator/components/com_civicrm/civicrm/CRM/Profile/Form/Edit.php(115): CRM_Core_Error::fatal("The requested Profile (gid=) is disabled, OR there is no Profile with that ID...")
#2 /mnt/data/vhosts/casite-451734.cloudaccess.net/httpdocs/administrator/components/com_civicrm/civicrm/CRM/Core/Form.php(338): CRM_Profile_Form_Edit->preProcess()
#3 /mnt/data/vhosts/casite-451734.cloudaccess.net/httpdocs/administrator/components/com_civicrm/civicrm/CRM/Core/QuickForm/Action/Display.php(93): CRM_Core_Form->buildForm()
#4 /mnt/data/vhosts/casite-451734.cloudaccess.net/httpdocs/administrator/components/com_civicrm/civicrm/packages/HTML/QuickForm/Controller.php(203): CRM_Core_QuickForm_Action_Display->perform(Object(CRM_Profile_Form_Edit), "display")
#5 /mnt/data/vhosts/casite-451734.cloudaccess.net/httpdocs/administrator/components/com_civicrm/civicrm/packages/HTML/QuickForm/Page.php(103): HTML_QuickForm_Controller->handle(Object(CRM_Profile_Form_Edit), "display")
#6 /mnt/data/vhosts/casite-451734.cloudaccess.net/httpdocs/administrator/components/com_civicrm/civicrm/CRM/Core/Controller.php(289): HTML_QuickForm_Page->handle("display")
#7 /mnt/data/vhosts/casite-451734.cloudaccess.net/httpdocs/administrator/components/com_civicrm/civicrm/CRM/Utils/Wrapper.php(115): CRM_Core_Controller->run()
#8 /mnt/data/vhosts/casite-451734.cloudaccess.net/httpdocs/administrator/components/com_civicrm/civicrm/CRM/Core/Invoke.php(365): CRM_Utils_Wrapper->run("CRM_Profile_Form_Edit", "Create Profile", (Array:2))
#9 [internal function](): CRM_Core_Invoke::profile((Array:3))
#10 /mnt/data/vhosts/casite-451734.cloudaccess.net/httpdocs/administrator/components/com_civicrm/civicrm/CRM/Core/Invoke.php(185): call_user_func((Array:2), (Array:3))
#11 /mnt/data/vhosts/casite-451734.cloudaccess.net/httpdocs/components/com_civicrm/civicrm.php(78): CRM_Core_Invoke::invoke((Array:3))
#12 /mnt/data/vhosts/casite-451734.cloudaccess.net/httpdocs/components/com_civicrm/civicrm.php(18): civicrm_invoke()
#13 /mnt/data/vhosts/casite-451734.cloudaccess.net/httpdocs/libraries/joomla/application/component/helper.php(383): require_once("/mnt/data/vhosts/casite-451734.cloudaccess.net/httpdocs/components/com_civicr...")
#14 /mnt/data/vhosts/casite-451734.cloudaccess.net/httpdocs/libraries/joomla/application/component/helper.php(351): JComponentHelper::executeComponent("/mnt/data/vhosts/casite-451734.cloudaccess.net/httpdocs/components/com_civicr...")
#15 /mnt/data/vhosts/casite-451734.cloudaccess.net/httpdocs/includes/application.php(197): JComponentHelper::renderComponent("com_civicrm")
#16 /mnt/data/vhosts/casite-451734.cloudaccess.net/httpdocs/index.php(42): JSite->dispatch()
#17 {main}


Oct 18 20:03:42  [info] $Fatal Error Details = Array
(
    [message] => We can't load the requested web page due to an incomplete link. This can be caused by using your browser's Back button or by using an incomplete or invalid link.
    [code] => 
)


Oct 18 20:03:42  [info] $backTrace = #0 /mnt/data/vhosts/casite-451734.cloudaccess.net/httpdocs/administrator/components/com_civicrm/civicrm/CRM/Core/Error.php(306): CRM_Core_Error::backtrace("backTrace", TRUE)
#1 /mnt/data/vhosts/casite-451734.cloudaccess.net/httpdocs/administrator/components/com_civicrm/civicrm/CRM/Contribute/Form/ContributionBase.php(200): CRM_Core_Error::fatal("We can't load the requested web page due to an incomplete link. This can be c...")
#2 /mnt/data/vhosts/casite-451734.cloudaccess.net/httpdocs/administrator/components/com_civicrm/civicrm/CRM/Contribute/Form/Contribution/Main.php(68): CRM_Contribute_Form_ContributionBase->preProcess()
#3 /mnt/data/vhosts/casite-451734.cloudaccess.net/httpdocs/administrator/components/com_civicrm/civicrm/CRM/Core/Form.php(338): CRM_Contribute_Form_Contribution_Main->preProcess()
#4 /mnt/data/vhosts/casite-451734.cloudaccess.net/httpdocs/administrator/components/com_civicrm/civicrm/CRM/Core/QuickForm/Action/Display.php(93): CRM_Core_Form->buildForm()
#5 /mnt/data/vhosts/casite-451734.cloudaccess.net/httpdocs/administrator/components/com_civicrm/civicrm/packages/HTML/QuickForm/Controller.php(203): CRM_Core_QuickForm_Action_Display->perform(Object(CRM_Contribute_Form_Contribution_Main), "display")
#6 /mnt/data/vhosts/casite-451734.cloudaccess.net/httpdocs/administrator/components/com_civicrm/civicrm/packages/HTML/QuickForm/Page.php(103): HTML_QuickForm_Controller->handle(Object(CRM_Contribute_Form_Contribution_Main), "display")
#7 /mnt/data/vhosts/casite-451734.cloudaccess.net/httpdocs/administrator/components/com_civicrm/civicrm/CRM/Core/Controller.php(289): HTML_QuickForm_Page->handle("display")
#8 /mnt/data/vhosts/casite-451734.cloudaccess.net/httpdocs/administrator/components/com_civicrm/civicrm/CRM/Core/Invoke.php(227): CRM_Core_Controller->run((Array:3), NULL)
#9 /mnt/data/vhosts/casite-451734.cloudaccess.net/httpdocs/components/com_civicrm/civicrm.php(78): CRM_Core_Invoke::invoke((Array:3))
#10 /mnt/data/vhosts/casite-451734.cloudaccess.net/httpdocs/components/com_civicrm/civicrm.php(18): civicrm_invoke()
#11 /mnt/data/vhosts/casite-451734.cloudaccess.net/httpdocs/libraries/joomla/application/component/helper.php(383): require_once("/mnt/data/vhosts/casite-451734.cloudaccess.net/httpdocs/components/com_civicr...")
#12 /mnt/data/vhosts/casite-451734.cloudaccess.net/httpdocs/libraries/joomla/application/component/helper.php(351): JComponentHelper::executeComponent("/mnt/data/vhosts/casite-451734.cloudaccess.net/httpdocs/components/com_civicr...")
#13 /mnt/data/vhosts/casite-451734.cloudaccess.net/httpdocs/includes/application.php(197): JComponentHelper::renderComponent("com_civicrm")
#14 /mnt/data/vhosts/casite-451734.cloudaccess.net/httpdocs/index.php(42): JSite->dispatch()
#15 {main}


Oct 18 20:03:43  [info] $Fatal Error Details = Array
(
    [message] => An error occurred during form submission. This page requires form data to be submitted for processing and no form data was submitted or processed. We are sorry for any inconvience. Please click <a href='/index.php?option=com_civicrm&amp;task=civicrm/contribute/transact&amp;Itemid=494&amp;reset=1&amp;id=1'>here</a> to visit the contribution page and re-start the contribution process.
    [code] => 
)


Oct 18 20:03:43  [info] $backTrace = #0 /mnt/data/vhosts/casite-451734.cloudaccess.net/httpdocs/administrator/components/com_civicrm/civicrm/CRM/Core/Error.php(306): CRM_Core_Error::backtrace("backTrace", TRUE)
#1 /mnt/data/vhosts/casite-451734.cloudaccess.net/httpdocs/administrator/components/com_civicrm/civicrm/CRM/Contribute/Form/ContributionBase.php(203): CRM_Core_Error::fatal("An error occurred during form submission. This page requires form data to be ...")
#2 /mnt/data/vhosts/casite-451734.cloudaccess.net/httpdocs/administrator/components/com_civicrm/civicrm/CRM/Contribute/Form/Contribution/Main.php(68): CRM_Contribute_Form_ContributionBase->preProcess()
#3 /mnt/data/vhosts/casite-451734.cloudaccess.net/httpdocs/administrator/components/com_civicrm/civicrm/CRM/Core/Form.php(338): CRM_Contribute_Form_Contribution_Main->preProcess()
#4 /mnt/data/vhosts/casite-451734.cloudaccess.net/httpdocs/administrator/components/com_civicrm/civicrm/CRM/Core/QuickForm/Action/Display.php(93): CRM_Core_Form->buildForm()
#5 /mnt/data/vhosts/casite-451734.cloudaccess.net/httpdocs/administrator/components/com_civicrm/civicrm/packages/HTML/QuickForm/Controller.php(203): CRM_Core_QuickForm_Action_Display->perform(Object(CRM_Contribute_Form_Contribution_Main), "display")
#6 /mnt/data/vhosts/casite-451734.cloudaccess.net/httpdocs/administrator/components/com_civicrm/civicrm/packages/HTML/QuickForm/Page.php(103): HTML_QuickForm_Controller->handle(Object(CRM_Contribute_Form_Contribution_Main), "display")
#7 /mnt/data/vhosts/casite-451734.cloudaccess.net/httpdocs/administrator/components/com_civicrm/civicrm/CRM/Core/Controller.php(289): HTML_QuickForm_Page->handle("display")
#8 /mnt/data/vhosts/casite-451734.cloudaccess.net/httpdocs/administrator/components/com_civicrm/civicrm/CRM/Core/Invoke.php(227): CRM_Core_Controller->run((Array:3), NULL)
#9 /mnt/data/vhosts/casite-451734.cloudaccess.net/httpdocs/components/com_civicrm/civicrm.php(78): CRM_Core_Invoke::invoke((Array:3))
#10 /mnt/data/vhosts/casite-451734.cloudaccess.net/httpdocs/components/com_civicrm/civicrm.php(18): civicrm_invoke()
#11 /mnt/data/vhosts/casite-451734.cloudaccess.net/httpdocs/libraries/joomla/application/component/helper.php(383): require_once("/mnt/data/vhosts/casite-451734.cloudaccess.net/httpdocs/components/com_civicr...")
#12 /mnt/data/vhosts/casite-451734.cloudaccess.net/httpdocs/libraries/joomla/application/component/helper.php(351): JComponentHelper::executeComponent("/mnt/data/vhosts/casite-451734.cloudaccess.net/httpdocs/components/com_civicr...")
#13 /mnt/data/vhosts/casite-451734.cloudaccess.net/httpdocs/includes/application.php(197): JComponentHelper::renderComponent("com_civicrm")
#14 /mnt/data/vhosts/casite-451734.cloudaccess.net/httpdocs/index.php(42): JSite->dispatch()
#15 {main}


Oct 18 20:03:53  [info] $Fatal Error Details = Array
(
    [message] => An error occurred during form submission. This page requires form data to be submitted for processing and no form data was submitted or processed. We are sorry for any inconvience. Please click <a href='/index.php?option=com_civicrm&amp;task=civicrm/contribute/transact&amp;Itemid=494&amp;reset=1&amp;id=2'>here</a> to visit the contribution page and re-start the contribution process.
    [code] => 
)


Oct 18 20:03:53  [info] $backTrace = #0 /mnt/data/vhosts/casite-451734.cloudaccess.net/httpdocs/administrator/components/com_civicrm/civicrm/CRM/Core/Error.php(306): CRM_Core_Error::backtrace("backTrace", TRUE)
#1 /mnt/data/vhosts/casite-451734.cloudaccess.net/httpdocs/administrator/components/com_civicrm/civicrm/CRM/Contribute/Form/ContributionBase.php(203): CRM_Core_Error::fatal("An error occurred during form submission. This page requires form data to be ...")
#2 /mnt/data/vhosts/casite-451734.cloudaccess.net/httpdocs/administrator/components/com_civicrm/civicrm/CRM/Contribute/Form/Contribution/Main.php(68): CRM_Contribute_Form_ContributionBase->preProcess()
#3 /mnt/data/vhosts/casite-451734.cloudaccess.net/httpdocs/administrator/components/com_civicrm/civicrm/CRM/Core/Form.php(338): CRM_Contribute_Form_Contribution_Main->preProcess()
#4 /mnt/data/vhosts/casite-451734.cloudaccess.net/httpdocs/administrator/components/com_civicrm/civicrm/CRM/Core/QuickForm/Action/Display.php(93): CRM_Core_Form->buildForm()
#5 /mnt/data/vhosts/casite-451734.cloudaccess.net/httpdocs/administrator/components/com_civicrm/civicrm/packages/HTML/QuickForm/Controller.php(203): CRM_Core_QuickForm_Action_Display->perform(Object(CRM_Contribute_Form_Contribution_Main), "display")
#6 /mnt/data/vhosts/casite-451734.cloudaccess.net/httpdocs/administrator/components/com_civicrm/civicrm/packages/HTML/QuickForm/Page.php(103): HTML_QuickForm_Controller->handle(Object(CRM_Contribute_Form_Contribution_Main), "display")
#7 /mnt/data/vhosts/casite-451734.cloudaccess.net/httpdocs/administrator/components/com_civicrm/civicrm/CRM/Core/Controller.php(289): HTML_QuickForm_Page->handle("display")
#8 /mnt/data/vhosts/casite-451734.cloudaccess.net/httpdocs/administrator/components/com_civicrm/civicrm/CRM/Core/Invoke.php(227): CRM_Core_Controller->run((Array:3), NULL)
#9 /mnt/data/vhosts/casite-451734.cloudaccess.net/httpdocs/components/com_civicrm/civicrm.php(78): CRM_Core_Invoke::invoke((Array:3))
#10 /mnt/data/vhosts/casite-451734.cloudaccess.net/httpdocs/components/com_civicrm/civicrm.php(18): civicrm_invoke()
#11 /mnt/data/vhosts/casite-451734.cloudaccess.net/httpdocs/libraries/joomla/application/component/helper.php(383): require_once("/mnt/data/vhosts/casite-451734.cloudaccess.net/httpdocs/components/com_civicr...")
#12 /mnt/data/vhosts/casite-451734.cloudaccess.net/httpdocs/libraries/joomla/application/component/helper.php(351): JComponentHelper::executeComponent("/mnt/data/vhosts/casite-451734.cloudaccess.net/httpdocs/components/com_civicr...")
#13 /mnt/data/vhosts/casite-451734.cloudaccess.net/httpdocs/includes/application.php(197): JComponentHelper::renderComponent("com_civicrm")
#14 /mnt/data/vhosts/casite-451734.cloudaccess.net/httpdocs/index.php(42): JSite->dispatch()
#15 {main}


Oct 18 20:04:03  [info] $Fatal Error Details = Array
(
    [message] => An error occurred during form submission. This page requires form data to be submitted for processing and no form data was submitted or processed. We are sorry for any inconvience. Please click <a href='/index.php?option=com_civicrm&amp;task=civicrm/contribute/transact&amp;Itemid=494&amp;reset=1&amp;id=1'>here</a> to visit the contribution page and re-start the contribution process.
    [code] => 
)


Oct 18 20:04:03  [info] $backTrace = #0 /mnt/data/vhosts/casite-451734.cloudaccess.net/httpdocs/administrator/components/com_civicrm/civicrm/CRM/Core/Error.php(306): CRM_Core_Error::backtrace("backTrace", TRUE)
#1 /mnt/data/vhosts/casite-451734.cloudaccess.net/httpdocs/administrator/components/com_civicrm/civicrm/CRM/Contribute/Form/ContributionBase.php(203): CRM_Core_Error::fatal("An error occurred during form submission. This page requires form data to be ...")
#2 /mnt/data/vhosts/casite-451734.cloudaccess.net/httpdocs/administrator/components/com_civicrm/civicrm/CRM/Contribute/Form/Contribution/Main.php(68): CRM_Contribute_Form_ContributionBase->preProcess()
#3 /mnt/data/vhosts/casite-451734.cloudaccess.net/httpdocs/administrator/components/com_civicrm/civicrm/CRM/Core/Form.php(338): CRM_Contribute_Form_Contribution_Main->preProcess()
#4 /mnt/data/vhosts/casite-451734.cloudaccess.net/httpdocs/administrator/components/com_civicrm/civicrm/CRM/Core/QuickForm/Action/Display.php(93): CRM_Core_Form->buildForm()
#5 /mnt/data/vhosts/casite-451734.cloudaccess.net/httpdocs/administrator/components/com_civicrm/civicrm/packages/HTML/QuickForm/Controller.php(203): CRM_Core_QuickForm_Action_Display->perform(Object(CRM_Contribute_Form_Contribution_Main), "display")
#6 /mnt/data/vhosts/casite-451734.cloudaccess.net/httpdocs/administrator/components/com_civicrm/civicrm/packages/HTML/QuickForm/Page.php(103): HTML_QuickForm_Controller->handle(Object(CRM_Contribute_Form_Contribution_Main), "display")
#7 /mnt/data/vhosts/casite-451734.cloudaccess.net/httpdocs/administrator/components/com_civicrm/civicrm/CRM/Core/Controller.php(289): HTML_QuickForm_Page->handle("display")
#8 /mnt/data/vhosts/casite-451734.cloudaccess.net/httpdocs/administrator/components/com_civicrm/civicrm/CRM/Core/Invoke.php(227): CRM_Core_Controller->run((Array:3), NULL)
#9 /mnt/data/vhosts/casite-451734.cloudaccess.net/httpdocs/components/com_civicrm/civicrm.php(78): CRM_Core_Invoke::invoke((Array:3))
#10 /mnt/data/vhosts/casite-451734.cloudaccess.net/httpdocs/components/com_civicrm/civicrm.php(18): civicrm_invoke()
#11 /mnt/data/vhosts/casite-451734.cloudaccess.net/httpdocs/libraries/joomla/application/component/helper.php(383): require_once("/mnt/data/vhosts/casite-451734.cloudaccess.net/httpdocs/components/com_civicr...")
#12 /mnt/data/vhosts/casite-451734.cloudaccess.net/httpdocs/libraries/joomla/application/component/helper.php(351): JComponentHelper::executeComponent("/mnt/data/vhosts/casite-451734.cloudaccess.net/httpdocs/components/com_civicr...")
#13 /mnt/data/vhosts/casite-451734.cloudaccess.net/httpdocs/includes/application.php(197): JComponentHelper::renderComponent("com_civicrm")
#14 /mnt/data/vhosts/casite-451734.cloudaccess.net/httpdocs/index.php(42): JSite->dispatch()
#15 {main}


Oct 18 20:04:10  [info] $Fatal Error Details = Array
(
    [message] => An error occurred during form submission. This page requires form data to be submitted for processing and no form data was submitted or processed. We are sorry for any inconvience. Please click <a href='/index.php?option=com_civicrm&amp;task=civicrm/contribute/transact&amp;Itemid=494&amp;reset=1&amp;id=2'>here</a> to visit the contribution page and re-start the contribution process.
    [code] => 
)


Oct 18 20:04:10  [info] $backTrace = #0 /mnt/data/vhosts/casite-451734.cloudaccess.net/httpdocs/administrator/components/com_civicrm/civicrm/CRM/Core/Error.php(306): CRM_Core_Error::backtrace("backTrace", TRUE)
#1 /mnt/data/vhosts/casite-451734.cloudaccess.net/httpdocs/administrator/components/com_civicrm/civicrm/CRM/Contribute/Form/ContributionBase.php(203): CRM_Core_Error::fatal("An error occurred during form submission. This page requires form data to be ...")
#2 /mnt/data/vhosts/casite-451734.cloudaccess.net/httpdocs/administrator/components/com_civicrm/civicrm/CRM/Contribute/Form/Contribution/Main.php(68): CRM_Contribute_Form_ContributionBase->preProcess()
#3 /mnt/data/vhosts/casite-451734.cloudaccess.net/httpdocs/administrator/components/com_civicrm/civicrm/CRM/Core/Form.php(338): CRM_Contribute_Form_Contribution_Main->preProcess()
#4 /mnt/data/vhosts/casite-451734.cloudaccess.net/httpdocs/administrator/components/com_civicrm/civicrm/CRM/Core/QuickForm/Action/Display.php(93): CRM_Core_Form->buildForm()
#5 /mnt/data/vhosts/casite-451734.cloudaccess.net/httpdocs/administrator/components/com_civicrm/civicrm/packages/HTML/QuickForm/Controller.php(203): CRM_Core_QuickForm_Action_Display->perform(Object(CRM_Contribute_Form_Contribution_Main), "display")
#6 /mnt/data/vhosts/casite-451734.cloudaccess.net/httpdocs/administrator/components/com_civicrm/civicrm/packages/HTML/QuickForm/Page.php(103): HTML_QuickForm_Controller->handle(Object(CRM_Contribute_Form_Contribution_Main), "display")
#7 /mnt/data/vhosts/casite-451734.cloudaccess.net/httpdocs/administrator/components/com_civicrm/civicrm/CRM/Core/Controller.php(289): HTML_QuickForm_Page->handle("display")
#8 /mnt/data/vhosts/casite-451734.cloudaccess.net/httpdocs/administrator/components/com_civicrm/civicrm/CRM/Core/Invoke.php(227): CRM_Core_Controller->run((Array:3), NULL)
#9 /mnt/data/vhosts/casite-451734.cloudaccess.net/httpdocs/components/com_civicrm/civicrm.php(78): CRM_Core_Invoke::invoke((Array:3))
#10 /mnt/data/vhosts/casite-451734.cloudaccess.net/httpdocs/components/com_civicrm/civicrm.php(18): civicrm_invoke()
#11 /mnt/data/vhosts/casite-451734.cloudaccess.net/httpdocs/libraries/joomla/application/component/helper.php(383): require_once("/mnt/data/vhosts/casite-451734.cloudaccess.net/httpdocs/components/com_civicr...")
#12 /mnt/data/vhosts/casite-451734.cloudaccess.net/httpdocs/libraries/joomla/application/component/helper.php(351): JComponentHelper::executeComponent("/mnt/data/vhosts/casite-451734.cloudaccess.net/httpdocs/components/com_civicr...")
#13 /mnt/data/vhosts/casite-451734.cloudaccess.net/httpdocs/includes/application.php(197): JComponentHelper::renderComponent("com_civicrm")
#14 /mnt/data/vhosts/casite-451734.cloudaccess.net/httpdocs/index.php(42): JSite->dispatch()
#15 {main}


Oct 18 20:04:11  [info] $Fatal Error Details = Array
(
    [message] => An error occurred during form submission. This page requires form data to be submitted for processing and no form data was submitted or processed. We are sorry for any inconvience. Please click <a href='/index.php?option=com_civicrm&amp;task=civicrm/contribute/transact&amp;Itemid=494&amp;reset=1&amp;id=1'>here</a> to visit the contribution page and re-start the contribution process.
    [code] => 
)


Oct 18 20:04:11  [info] $backTrace = #0 /mnt/data/vhosts/casite-451734.cloudaccess.net/httpdocs/administrator/components/com_civicrm/civicrm/CRM/Core/Error.php(306): CRM_Core_Error::backtrace("backTrace", TRUE)
#1 /mnt/data/vhosts/casite-451734.cloudaccess.net/httpdocs/administrator/components/com_civicrm/civicrm/CRM/Contribute/Form/ContributionBase.php(203): CRM_Core_Error::fatal("An error occurred during form submission. This page requires form data to be ...")
#2 /mnt/data/vhosts/casite-451734.cloudaccess.net/httpdocs/administrator/components/com_civicrm/civicrm/CRM/Contribute/Form/Contribution/Main.php(68): CRM_Contribute_Form_ContributionBase->preProcess()
#3 /mnt/data/vhosts/casite-451734.cloudaccess.net/httpdocs/administrator/components/com_civicrm/civicrm/CRM/Core/Form.php(338): CRM_Contribute_Form_Contribution_Main->preProcess()
#4 /mnt/data/vhosts/casite-451734.cloudaccess.net/httpdocs/administrator/components/com_civicrm/civicrm/CRM/Core/QuickForm/Action/Display.php(93): CRM_Core_Form->buildForm()
#5 /mnt/data/vhosts/casite-451734.cloudaccess.net/httpdocs/administrator/components/com_civicrm/civicrm/packages/HTML/QuickForm/Controller.php(203): CRM_Core_QuickForm_Action_Display->perform(Object(CRM_Contribute_Form_Contribution_Main), "display")
#6 /mnt/data/vhosts/casite-451734.cloudaccess.net/httpdocs/administrator/components/com_civicrm/civicrm/packages/HTML/QuickForm/Page.php(103): HTML_QuickForm_Controller->handle(Object(CRM_Contribute_Form_Contribution_Main), "display")
#7 /mnt/data/vhosts/casite-451734.cloudaccess.net/httpdocs/administrator/components/com_civicrm/civicrm/CRM/Core/Controller.php(289): HTML_QuickForm_Page->handle("display")
#8 /mnt/data/vhosts/casite-451734.cloudaccess.net/httpdocs/administrator/components/com_civicrm/civicrm/CRM/Core/Invoke.php(227): CRM_Core_Controller->run((Array:3), NULL)
#9 /mnt/data/vhosts/casite-451734.cloudaccess.net/httpdocs/components/com_civicrm/civicrm.php(78): CRM_Core_Invoke::invoke((Array:3))
#10 /mnt/data/vhosts/casite-451734.cloudaccess.net/httpdocs/components/com_civicrm/civicrm.php(18): civicrm_invoke()
#11 /mnt/data/vhosts/casite-451734.cloudaccess.net/httpdocs/libraries/joomla/application/component/helper.php(383): require_once("/mnt/data/vhosts/casite-451734.cloudaccess.net/httpdocs/components/com_civicr...")
#12 /mnt/data/vhosts/casite-451734.cloudaccess.net/httpdocs/libraries/joomla/application/component/helper.php(351): JComponentHelper::executeComponent("/mnt/data/vhosts/casite-451734.cloudaccess.net/httpdocs/components/com_civicr...")
#13 /mnt/data/vhosts/casite-451734.cloudaccess.net/httpdocs/includes/application.php(197): JComponentHelper::renderComponent("com_civicrm")
#14 /mnt/data/vhosts/casite-451734.cloudaccess.net/httpdocs/index.php(42): JSite->dispatch()
#15 {main}


Oct 18 20:04:14  [info] $Fatal Error Details = Array
(
    [message] => We can't load the requested web page due to an incomplete link. This can be caused by using your browser's Back button or by using an incomplete or invalid link.
    [code] => 
)


Oct 18 20:04:14  [info] $backTrace = #0 /mnt/data/vhosts/casite-451734.cloudaccess.net/httpdocs/administrator/components/com_civicrm/civicrm/CRM/Core/Error.php(306): CRM_Core_Error::backtrace("backTrace", TRUE)
#1 /mnt/data/vhosts/casite-451734.cloudaccess.net/httpdocs/administrator/components/com_civicrm/civicrm/CRM/Contribute/Form/ContributionBase.php(200): CRM_Core_Error::fatal("We can't load the requested web page due to an incomplete link. This can be c...")
#2 /mnt/data/vhosts/casite-451734.cloudaccess.net/httpdocs/administrator/components/com_civicrm/civicrm/CRM/Contribute/Form/Contribution/Main.php(68): CRM_Contribute_Form_ContributionBase->preProcess()
#3 /mnt/data/vhosts/casite-451734.cloudaccess.net/httpdocs/administrator/components/com_civicrm/civicrm/CRM/Core/Form.php(338): CRM_Contribute_Form_Contribution_Main->preProcess()
#4 /mnt/data/vhosts/casite-451734.cloudaccess.net/httpdocs/administrator/components/com_civicrm/civicrm/CRM/Core/QuickForm/Action/Display.php(93): CRM_Core_Form->buildForm()
#5 /mnt/data/vhosts/casite-451734.cloudaccess.net/httpdocs/administrator/components/com_civicrm/civicrm/packages/HTML/QuickForm/Controller.php(203): CRM_Core_QuickForm_Action_Display->perform(Object(CRM_Contribute_Form_Contribution_Main), "display")
#6 /mnt/data/vhosts/casite-451734.cloudaccess.net/httpdocs/administrator/components/com_civicrm/civicrm/packages/HTML/QuickForm/Page.php(103): HTML_QuickForm_Controller->handle(Object(CRM_Contribute_Form_Contribution_Main), "display")
#7 /mnt/data/vhosts/casite-451734.cloudaccess.net/httpdocs/administrator/components/com_civicrm/civicrm/CRM/Core/Controller.php(289): HTML_QuickForm_Page->handle("display")
#8 /mnt/data/vhosts/casite-451734.cloudaccess.net/httpdocs/administrator/components/com_civicrm/civicrm/CRM/Core/Invoke.php(227): CRM_Core_Controller->run((Array:3), NULL)
#9 /mnt/data/vhosts/casite-451734.cloudaccess.net/httpdocs/components/com_civicrm/civicrm.php(78): CRM_Core_Invoke::invoke((Array:3))
#10 /mnt/data/vhosts/casite-451734.cloudaccess.net/httpdocs/components/com_civicrm/civicrm.php(18): civicrm_invoke()
#11 /mnt/data/vhosts/casite-451734.cloudaccess.net/httpdocs/libraries/joomla/application/component/helper.php(383): require_once("/mnt/data/vhosts/casite-451734.cloudaccess.net/httpdocs/components/com_civicr...")
#12 /mnt/data/vhosts/casite-451734.cloudaccess.net/httpdocs/libraries/joomla/application/component/helper.php(351): JComponentHelper::executeComponent("/mnt/data/vhosts/casite-451734.cloudaccess.net/httpdocs/components/com_civicr...")
#13 /mnt/data/vhosts/casite-451734.cloudaccess.net/httpdocs/includes/application.php(197): JComponentHelper::renderComponent("com_civicrm")
#14 /mnt/data/vhosts/casite-451734.cloudaccess.net/httpdocs/index.php(42): JSite->dispatch()
#15 {main}


Oct 18 20:04:33  [info] $Fatal Error Details = Array
(
    [message] => The requested Profile (gid=) is disabled, OR there is no Profile with that ID, OR a valid 'gid=' integer value is missing from the URL. Contact the site administrator if you need assistance.
    [code] => 
)


Oct 18 20:04:33  [info] $backTrace = #0 /mnt/data/vhosts/casite-451734.cloudaccess.net/httpdocs/administrator/components/com_civicrm/civicrm/CRM/Core/Error.php(306): CRM_Core_Error::backtrace("backTrace", TRUE)
#1 /mnt/data/vhosts/casite-451734.cloudaccess.net/httpdocs/administrator/components/com_civicrm/civicrm/CRM/Profile/Form/Edit.php(115): CRM_Core_Error::fatal("The requested Profile (gid=) is disabled, OR there is no Profile with that ID...")
#2 /mnt/data/vhosts/casite-451734.cloudaccess.net/httpdocs/administrator/components/com_civicrm/civicrm/CRM/Core/Form.php(338): CRM_Profile_Form_Edit->preProcess()
#3 /mnt/data/vhosts/casite-451734.cloudaccess.net/httpdocs/administrator/components/com_civicrm/civicrm/CRM/Core/QuickForm/Action/Display.php(93): CRM_Core_Form->buildForm()
#4 /mnt/data/vhosts/casite-451734.cloudaccess.net/httpdocs/administrator/components/com_civicrm/civicrm/packages/HTML/QuickForm/Controller.php(203): CRM_Core_QuickForm_Action_Display->perform(Object(CRM_Profile_Form_Edit), "display")
#5 /mnt/data/vhosts/casite-451734.cloudaccess.net/httpdocs/administrator/components/com_civicrm/civicrm/packages/HTML/QuickForm/Page.php(103): HTML_QuickForm_Controller->handle(Object(CRM_Profile_Form_Edit), "display")
#6 /mnt/data/vhosts/casite-451734.cloudaccess.net/httpdocs/administrator/components/com_civicrm/civicrm/CRM/Core/Controller.php(289): HTML_QuickForm_Page->handle("display")
#7 /mnt/data/vhosts/casite-451734.cloudaccess.net/httpdocs/administrator/components/com_civicrm/civicrm/CRM/Utils/Wrapper.php(115): CRM_Core_Controller->run()
#8 /mnt/data/vhosts/casite-451734.cloudaccess.net/httpdocs/administrator/components/com_civicrm/civicrm/CRM/Core/Invoke.php(365): CRM_Utils_Wrapper->run("CRM_Profile_Form_Edit", "Create Profile", (Array:2))
#9 [internal function](): CRM_Core_Invoke::profile((Array:3))
#10 /mnt/data/vhosts/casite-451734.cloudaccess.net/httpdocs/administrator/components/com_civicrm/civicrm/CRM/Core/Invoke.php(185): call_user_func((Array:2), (Array:3))
#11 /mnt/data/vhosts/casite-451734.cloudaccess.net/httpdocs/components/com_civicrm/civicrm.php(78): CRM_Core_Invoke::invoke((Array:3))
#12 /mnt/data/vhosts/casite-451734.cloudaccess.net/httpdocs/components/com_civicrm/civicrm.php(18): civicrm_invoke()
#13 /mnt/data/vhosts/casite-451734.cloudaccess.net/httpdocs/libraries/joomla/application/component/helper.php(383): require_once("/mnt/data/vhosts/casite-451734.cloudaccess.net/httpdocs/components/com_civicr...")
#14 /mnt/data/vhosts/casite-451734.cloudaccess.net/httpdocs/libraries/joomla/application/component/helper.php(351): JComponentHelper::executeComponent("/mnt/data/vhosts/casite-451734.cloudaccess.net/httpdocs/components/com_civicr...")
#15 /mnt/data/vhosts/casite-451734.cloudaccess.net/httpdocs/includes/application.php(197): JComponentHelper::renderComponent("com_civicrm")
#16 /mnt/data/vhosts/casite-451734.cloudaccess.net/httpdocs/index.php(42): JSite->dispatch()
#17 {main}


Oct 18 20:04:38  [info] $Fatal Error Details = Array
(
    [message] => The requested Profile (gid=) is disabled, OR there is no Profile with that ID, OR a valid 'gid=' integer value is missing from the URL. Contact the site administrator if you need assistance.
    [code] => 
)


Oct 18 20:04:38  [info] $backTrace = #0 /mnt/data/vhosts/casite-451734.cloudaccess.net/httpdocs/administrator/components/com_civicrm/civicrm/CRM/Core/Error.php(306): CRM_Core_Error::backtrace("backTrace", TRUE)
#1 /mnt/data/vhosts/casite-451734.cloudaccess.net/httpdocs/administrator/components/com_civicrm/civicrm/CRM/Profile/Form/Edit.php(115): CRM_Core_Error::fatal("The requested Profile (gid=) is disabled, OR there is no Profile with that ID...")
#2 /mnt/data/vhosts/casite-451734.cloudaccess.net/httpdocs/administrator/components/com_civicrm/civicrm/CRM/Core/Form.php(338): CRM_Profile_Form_Edit->preProcess()
#3 /mnt/data/vhosts/casite-451734.cloudaccess.net/httpdocs/administrator/components/com_civicrm/civicrm/CRM/Core/QuickForm/Action/Display.php(93): CRM_Core_Form->buildForm()
#4 /mnt/data/vhosts/casite-451734.cloudaccess.net/httpdocs/administrator/components/com_civicrm/civicrm/packages/HTML/QuickForm/Controller.php(203): CRM_Core_QuickForm_Action_Display->perform(Object(CRM_Profile_Form_Edit), "display")
#5 /mnt/data/vhosts/casite-451734.cloudaccess.net/httpdocs/administrator/components/com_civicrm/civicrm/packages/HTML/QuickForm/Page.php(103): HTML_QuickForm_Controller->handle(Object(CRM_Profile_Form_Edit), "display")
#6 /mnt/data/vhosts/casite-451734.cloudaccess.net/httpdocs/administrator/components/com_civicrm/civicrm/CRM/Core/Controller.php(289): HTML_QuickForm_Page->handle("display")
#7 /mnt/data/vhosts/casite-451734.cloudaccess.net/httpdocs/administrator/components/com_civicrm/civicrm/CRM/Utils/Wrapper.php(115): CRM_Core_Controller->run()
#8 /mnt/data/vhosts/casite-451734.cloudaccess.net/httpdocs/administrator/components/com_civicrm/civicrm/CRM/Core/Invoke.php(365): CRM_Utils_Wrapper->run("CRM_Profile_Form_Edit", "Create Profile", (Array:2))
#9 [internal function](): CRM_Core_Invoke::profile((Array:3))
#10 /mnt/data/vhosts/casite-451734.cloudaccess.net/httpdocs/administrator/components/com_civicrm/civicrm/CRM/Core/Invoke.php(185): call_user_func((Array:2), (Array:3))
#11 /mnt/data/vhosts/casite-451734.cloudaccess.net/httpdocs/components/com_civicrm/civicrm.php(78): CRM_Core_Invoke::invoke((Array:3))
#12 /mnt/data/vhosts/casite-451734.cloudaccess.net/httpdocs/components/com_civicrm/civicrm.php(18): civicrm_invoke()
#13 /mnt/data/vhosts/casite-451734.cloudaccess.net/httpdocs/libraries/joomla/application/component/helper.php(383): require_once("/mnt/data/vhosts/casite-451734.cloudaccess.net/httpdocs/components/com_civicr...")
#14 /mnt/data/vhosts/casite-451734.cloudaccess.net/httpdocs/libraries/joomla/application/component/helper.php(351): JComponentHelper::executeComponent("/mnt/data/vhosts/casite-451734.cloudaccess.net/httpdocs/components/com_civicr...")
#15 /mnt/data/vhosts/casite-451734.cloudaccess.net/httpdocs/includes/application.php(197): JComponentHelper::renderComponent("com_civicrm")
#16 /mnt/data/vhosts/casite-451734.cloudaccess.net/httpdocs/index.php(42): JSite->dispatch()
#17 {main}


Oct 18 20:04:41  [info] $Fatal Error Details = Array
(
    [message] => The requested Profile (gid=) is disabled, OR there is no Profile with that ID, OR a valid 'gid=' integer value is missing from the URL. Contact the site administrator if you need assistance.
    [code] => 
)


Oct 18 20:04:41  [info] $backTrace = #0 /mnt/data/vhosts/casite-451734.cloudaccess.net/httpdocs/administrator/components/com_civicrm/civicrm/CRM/Core/Error.php(306): CRM_Core_Error::backtrace("backTrace", TRUE)
#1 /mnt/data/vhosts/casite-451734.cloudaccess.net/httpdocs/administrator/components/com_civicrm/civicrm/CRM/Profile/Form/Edit.php(115): CRM_Core_Error::fatal("The requested Profile (gid=) is disabled, OR there is no Profile with that ID...")
#2 /mnt/data/vhosts/casite-451734.cloudaccess.net/httpdocs/administrator/components/com_civicrm/civicrm/CRM/Core/Form.php(338): CRM_Profile_Form_Edit->preProcess()
#3 /mnt/data/vhosts/casite-451734.cloudaccess.net/httpdocs/administrator/components/com_civicrm/civicrm/CRM/Core/QuickForm/Action/Display.php(93): CRM_Core_Form->buildForm()
#4 /mnt/data/vhosts/casite-451734.cloudaccess.net/httpdocs/administrator/components/com_civicrm/civicrm/packages/HTML/QuickForm/Controller.php(203): CRM_Core_QuickForm_Action_Display->perform(Object(CRM_Profile_Form_Edit), "display")
#5 /mnt/data/vhosts/casite-451734.cloudaccess.net/httpdocs/administrator/components/com_civicrm/civicrm/packages/HTML/QuickForm/Page.php(103): HTML_QuickForm_Controller->handle(Object(CRM_Profile_Form_Edit), "display")
#6 /mnt/data/vhosts/casite-451734.cloudaccess.net/httpdocs/administrator/components/com_civicrm/civicrm/CRM/Core/Controller.php(289): HTML_QuickForm_Page->handle("display")
#7 /mnt/data/vhosts/casite-451734.cloudaccess.net/httpdocs/administrator/components/com_civicrm/civicrm/CRM/Utils/Wrapper.php(115): CRM_Core_Controller->run()
#8 /mnt/data/vhosts/casite-451734.cloudaccess.net/httpdocs/administrator/components/com_civicrm/civicrm/CRM/Core/Invoke.php(365): CRM_Utils_Wrapper->run("CRM_Profile_Form_Edit", "Create Profile", (Array:2))
#9 [internal function](): CRM_Core_Invoke::profile((Array:3))
#10 /mnt/data/vhosts/casite-451734.cloudaccess.net/httpdocs/administrator/components/com_civicrm/civicrm/CRM/Core/Invoke.php(185): call_user_func((Array:2), (Array:3))
#11 /mnt/data/vhosts/casite-451734.cloudaccess.net/httpdocs/components/com_civicrm/civicrm.php(78): CRM_Core_Invoke::invoke((Array:3))
#12 /mnt/data/vhosts/casite-451734.cloudaccess.net/httpdocs/components/com_civicrm/civicrm.php(18): civicrm_invoke()
#13 /mnt/data/vhosts/casite-451734.cloudaccess.net/httpdocs/libraries/joomla/application/component/helper.php(383): require_once("/mnt/data/vhosts/casite-451734.cloudaccess.net/httpdocs/components/com_civicr...")
#14 /mnt/data/vhosts/casite-451734.cloudaccess.net/httpdocs/libraries/joomla/application/component/helper.php(351): JComponentHelper::executeComponent("/mnt/data/vhosts/casite-451734.cloudaccess.net/httpdocs/components/com_civicr...")
#15 /mnt/data/vhosts/casite-451734.cloudaccess.net/httpdocs/includes/application.php(197): JComponentHelper::renderComponent("com_civicrm")
#16 /mnt/data/vhosts/casite-451734.cloudaccess.net/httpdocs/index.php(42): JSite->dispatch()
#17 {main}


Oct 18 20:05:43  [info] $Fatal Error Details = Array
(
    [message] => The requested Profile (gid=) is disabled, OR there is no Profile with that ID, OR a valid 'gid=' integer value is missing from the URL. Contact the site administrator if you need assistance.
    [code] => 
)


Oct 18 20:05:43  [info] $backTrace = #0 /mnt/data/vhosts/casite-451734.cloudaccess.net/httpdocs/administrator/components/com_civicrm/civicrm/CRM/Core/Error.php(306): CRM_Core_Error::backtrace("backTrace", TRUE)
#1 /mnt/data/vhosts/casite-451734.cloudaccess.net/httpdocs/administrator/components/com_civicrm/civicrm/CRM/Profile/Form/Edit.php(115): CRM_Core_Error::fatal("The requested Profile (gid=) is disabled, OR there is no Profile with that ID...")
#2 /mnt/data/vhosts/casite-451734.cloudaccess.net/httpdocs/administrator/components/com_civicrm/civicrm/CRM/Core/Form.php(338): CRM_Profile_Form_Edit->preProcess()
#3 /mnt/data/vhosts/casite-451734.cloudaccess.net/httpdocs/administrator/components/com_civicrm/civicrm/CRM/Core/QuickForm/Action/Display.php(93): CRM_Core_Form->buildForm()
#4 /mnt/data/vhosts/casite-451734.cloudaccess.net/httpdocs/administrator/components/com_civicrm/civicrm/packages/HTML/QuickForm/Controller.php(203): CRM_Core_QuickForm_Action_Display->perform(Object(CRM_Profile_Form_Edit), "display")
#5 /mnt/data/vhosts/casite-451734.cloudaccess.net/httpdocs/administrator/components/com_civicrm/civicrm/packages/HTML/QuickForm/Page.php(103): HTML_QuickForm_Controller->handle(Object(CRM_Profile_Form_Edit), "display")
#6 /mnt/data/vhosts/casite-451734.cloudaccess.net/httpdocs/administrator/components/com_civicrm/civicrm/CRM/Core/Controller.php(289): HTML_QuickForm_Page->handle("display")
#7 /mnt/data/vhosts/casite-451734.cloudaccess.net/httpdocs/administrator/components/com_civicrm/civicrm/CRM/Utils/Wrapper.php(115): CRM_Core_Controller->run()
#8 /mnt/data/vhosts/casite-451734.cloudaccess.net/httpdocs/administrator/components/com_civicrm/civicrm/CRM/Core/Invoke.php(365): CRM_Utils_Wrapper->run("CRM_Profile_Form_Edit", "Create Profile", (Array:2))
#9 [internal function](): CRM_Core_Invoke::profile((Array:3))
#10 /mnt/data/vhosts/casite-451734.cloudaccess.net/httpdocs/administrator/components/com_civicrm/civicrm/CRM/Core/Invoke.php(185): call_user_func((Array:2), (Array:3))
#11 /mnt/data/vhosts/casite-451734.cloudaccess.net/httpdocs/components/com_civicrm/civicrm.php(78): CRM_Core_Invoke::invoke((Array:3))
#12 /mnt/data/vhosts/casite-451734.cloudaccess.net/httpdocs/components/com_civicrm/civicrm.php(18): civicrm_invoke()
#13 /mnt/data/vhosts/casite-451734.cloudaccess.net/httpdocs/libraries/joomla/application/component/helper.php(383): require_once("/mnt/data/vhosts/casite-451734.cloudaccess.net/httpdocs/components/com_civicr...")
#14 /mnt/data/vhosts/casite-451734.cloudaccess.net/httpdocs/libraries/joomla/application/component/helper.php(351): JComponentHelper::executeComponent("/mnt/data/vhosts/casite-451734.cloudaccess.net/httpdocs/components/com_civicr...")
#15 /mnt/data/vhosts/casite-451734.cloudaccess.net/httpdocs/includes/application.php(197): JComponentHelper::renderComponent("com_civicrm")
#16 /mnt/data/vhosts/casite-451734.cloudaccess.net/httpdocs/index.php(42): JSite->dispatch()
#17 {main}


Oct 18 20:05:49  [info] $Fatal Error Details = Array
(
    [message] => The requested Profile (gid=) is disabled, OR there is no Profile with that ID, OR a valid 'gid=' integer value is missing from the URL. Contact the site administrator if you need assistance.
    [code] => 
)


Oct 18 20:05:49  [info] $backTrace = #0 /mnt/data/vhosts/casite-451734.cloudaccess.net/httpdocs/administrator/components/com_civicrm/civicrm/CRM/Core/Error.php(306): CRM_Core_Error::backtrace("backTrace", TRUE)
#1 /mnt/data/vhosts/casite-451734.cloudaccess.net/httpdocs/administrator/components/com_civicrm/civicrm/CRM/Profile/Form/Edit.php(115): CRM_Core_Error::fatal("The requested Profile (gid=) is disabled, OR there is no Profile with that ID...")
#2 /mnt/data/vhosts/casite-451734.cloudaccess.net/httpdocs/administrator/components/com_civicrm/civicrm/CRM/Core/Form.php(338): CRM_Profile_Form_Edit->preProcess()
#3 /mnt/data/vhosts/casite-451734.cloudaccess.net/httpdocs/administrator/components/com_civicrm/civicrm/CRM/Core/QuickForm/Action/Display.php(93): CRM_Core_Form->buildForm()
#4 /mnt/data/vhosts/casite-451734.cloudaccess.net/httpdocs/administrator/components/com_civicrm/civicrm/packages/HTML/QuickForm/Controller.php(203): CRM_Core_QuickForm_Action_Display->perform(Object(CRM_Profile_Form_Edit), "display")
#5 /mnt/data/vhosts/casite-451734.cloudaccess.net/httpdocs/administrator/components/com_civicrm/civicrm/packages/HTML/QuickForm/Page.php(103): HTML_QuickForm_Controller->handle(Object(CRM_Profile_Form_Edit), "display")
#6 /mnt/data/vhosts/casite-451734.cloudaccess.net/httpdocs/administrator/components/com_civicrm/civicrm/CRM/Core/Controller.php(289): HTML_QuickForm_Page->handle("display")
#7 /mnt/data/vhosts/casite-451734.cloudaccess.net/httpdocs/administrator/components/com_civicrm/civicrm/CRM/Utils/Wrapper.php(115): CRM_Core_Controller->run()
#8 /mnt/data/vhosts/casite-451734.cloudaccess.net/httpdocs/administrator/components/com_civicrm/civicrm/CRM/Core/Invoke.php(365): CRM_Utils_Wrapper->run("CRM_Profile_Form_Edit", "Create Profile", (Array:2))
#9 [internal function](): CRM_Core_Invoke::profile((Array:3))
#10 /mnt/data/vhosts/casite-451734.cloudaccess.net/httpdocs/administrator/components/com_civicrm/civicrm/CRM/Core/Invoke.php(185): call_user_func((Array:2), (Array:3))
#11 /mnt/data/vhosts/casite-451734.cloudaccess.net/httpdocs/components/com_civicrm/civicrm.php(78): CRM_Core_Invoke::invoke((Array:3))
#12 /mnt/data/vhosts/casite-451734.cloudaccess.net/httpdocs/components/com_civicrm/civicrm.php(18): civicrm_invoke()
#13 /mnt/data/vhosts/casite-451734.cloudaccess.net/httpdocs/libraries/joomla/application/component/helper.php(383): require_once("/mnt/data/vhosts/casite-451734.cloudaccess.net/httpdocs/components/com_civicr...")
#14 /mnt/data/vhosts/casite-451734.cloudaccess.net/httpdocs/libraries/joomla/application/component/helper.php(351): JComponentHelper::executeComponent("/mnt/data/vhosts/casite-451734.cloudaccess.net/httpdocs/components/com_civicr...")
#15 /mnt/data/vhosts/casite-451734.cloudaccess.net/httpdocs/includes/application.php(197): JComponentHelper::renderComponent("com_civicrm")
#16 /mnt/data/vhosts/casite-451734.cloudaccess.net/httpdocs/index.php(42): JSite->dispatch()
#17 {main}


Oct 18 20:06:12  [info] $Fatal Error Details = Array
(
    [message] => An error occurred during form submission. This page requires form data to be submitted for processing and no form data was submitted or processed. We are sorry for any inconvience. Please click <a href='/index.php?option=com_civicrm&amp;task=civicrm/contribute/transact&amp;Itemid=494&amp;reset=1&amp;id=2'>here</a> to visit the contribution page and re-start the contribution process.
    [code] => 
)


Oct 18 20:06:12  [info] $backTrace = #0 /mnt/data/vhosts/casite-451734.cloudaccess.net/httpdocs/administrator/components/com_civicrm/civicrm/CRM/Core/Error.php(306): CRM_Core_Error::backtrace("backTrace", TRUE)
#1 /mnt/data/vhosts/casite-451734.cloudaccess.net/httpdocs/administrator/components/com_civicrm/civicrm/CRM/Contribute/Form/ContributionBase.php(203): CRM_Core_Error::fatal("An error occurred during form submission. This page requires form data to be ...")
#2 /mnt/data/vhosts/casite-451734.cloudaccess.net/httpdocs/administrator/components/com_civicrm/civicrm/CRM/Contribute/Form/Contribution/Main.php(68): CRM_Contribute_Form_ContributionBase->preProcess()
#3 /mnt/data/vhosts/casite-451734.cloudaccess.net/httpdocs/administrator/components/com_civicrm/civicrm/CRM/Core/Form.php(338): CRM_Contribute_Form_Contribution_Main->preProcess()
#4 /mnt/data/vhosts/casite-451734.cloudaccess.net/httpdocs/administrator/components/com_civicrm/civicrm/CRM/Core/QuickForm/Action/Display.php(93): CRM_Core_Form->buildForm()
#5 /mnt/data/vhosts/casite-451734.cloudaccess.net/httpdocs/administrator/components/com_civicrm/civicrm/packages/HTML/QuickForm/Controller.php(203): CRM_Core_QuickForm_Action_Display->perform(Object(CRM_Contribute_Form_Contribution_Main), "display")
#6 /mnt/data/vhosts/casite-451734.cloudaccess.net/httpdocs/administrator/components/com_civicrm/civicrm/packages/HTML/QuickForm/Page.php(103): HTML_QuickForm_Controller->handle(Object(CRM_Contribute_Form_Contribution_Main), "display")
#7 /mnt/data/vhosts/casite-451734.cloudaccess.net/httpdocs/administrator/components/com_civicrm/civicrm/CRM/Core/Controller.php(289): HTML_QuickForm_Page->handle("display")
#8 /mnt/data/vhosts/casite-451734.cloudaccess.net/httpdocs/administrator/components/com_civicrm/civicrm/CRM/Core/Invoke.php(227): CRM_Core_Controller->run((Array:3), NULL)
#9 /mnt/data/vhosts/casite-451734.cloudaccess.net/httpdocs/components/com_civicrm/civicrm.php(78): CRM_Core_Invoke::invoke((Array:3))
#10 /mnt/data/vhosts/casite-451734.cloudaccess.net/httpdocs/components/com_civicrm/civicrm.php(18): civicrm_invoke()
#11 /mnt/data/vhosts/casite-451734.cloudaccess.net/httpdocs/libraries/joomla/application/component/helper.php(383): require_once("/mnt/data/vhosts/casite-451734.cloudaccess.net/httpdocs/components/com_civicr...")
#12 /mnt/data/vhosts/casite-451734.cloudaccess.net/httpdocs/libraries/joomla/application/component/helper.php(351): JComponentHelper::executeComponent("/mnt/data/vhosts/casite-451734.cloudaccess.net/httpdocs/components/com_civicr...")
#13 /mnt/data/vhosts/casite-451734.cloudaccess.net/httpdocs/includes/application.php(197): JComponentHelper::renderComponent("com_civicrm")
#14 /mnt/data/vhosts/casite-451734.cloudaccess.net/httpdocs/index.php(42): JSite->dispatch()
#15 {main}


Oct 18 20:06:21  [info] $Fatal Error Details = Array
(
    [message] => An error occurred during form submission. This page requires form data to be submitted for processing and no form data was submitted or processed. We are sorry for any inconvience. Please click <a href='/index.php?option=com_civicrm&amp;task=civicrm/contribute/transact&amp;Itemid=494&amp;reset=1&amp;id=2'>here</a> to visit the contribution page and re-start the contribution process.
    [code] => 
)


Oct 18 20:06:21  [info] $backTrace = #0 /mnt/data/vhosts/casite-451734.cloudaccess.net/httpdocs/administrator/components/com_civicrm/civicrm/CRM/Core/Error.php(306): CRM_Core_Error::backtrace("backTrace", TRUE)
#1 /mnt/data/vhosts/casite-451734.cloudaccess.net/httpdocs/administrator/components/com_civicrm/civicrm/CRM/Contribute/Form/ContributionBase.php(203): CRM_Core_Error::fatal("An error occurred during form submission. This page requires form data to be ...")
#2 /mnt/data/vhosts/casite-451734.cloudaccess.net/httpdocs/administrator/components/com_civicrm/civicrm/CRM/Contribute/Form/Contribution/Main.php(68): CRM_Contribute_Form_ContributionBase->preProcess()
#3 /mnt/data/vhosts/casite-451734.cloudaccess.net/httpdocs/administrator/components/com_civicrm/civicrm/CRM/Core/Form.php(338): CRM_Contribute_Form_Contribution_Main->preProcess()
#4 /mnt/data/vhosts/casite-451734.cloudaccess.net/httpdocs/administrator/components/com_civicrm/civicrm/CRM/Core/QuickForm/Action/Display.php(93): CRM_Core_Form->buildForm()
#5 /mnt/data/vhosts/casite-451734.cloudaccess.net/httpdocs/administrator/components/com_civicrm/civicrm/packages/HTML/QuickForm/Controller.php(203): CRM_Core_QuickForm_Action_Display->perform(Object(CRM_Contribute_Form_Contribution_Main), "display")
#6 /mnt/data/vhosts/casite-451734.cloudaccess.net/httpdocs/administrator/components/com_civicrm/civicrm/packages/HTML/QuickForm/Page.php(103): HTML_QuickForm_Controller->handle(Object(CRM_Contribute_Form_Contribution_Main), "display")
#7 /mnt/data/vhosts/casite-451734.cloudaccess.net/httpdocs/administrator/components/com_civicrm/civicrm/CRM/Core/Controller.php(289): HTML_QuickForm_Page->handle("display")
#8 /mnt/data/vhosts/casite-451734.cloudaccess.net/httpdocs/administrator/components/com_civicrm/civicrm/CRM/Core/Invoke.php(227): CRM_Core_Controller->run((Array:3), NULL)
#9 /mnt/data/vhosts/casite-451734.cloudaccess.net/httpdocs/components/com_civicrm/civicrm.php(78): CRM_Core_Invoke::invoke((Array:3))
#10 /mnt/data/vhosts/casite-451734.cloudaccess.net/httpdocs/components/com_civicrm/civicrm.php(18): civicrm_invoke()
#11 /mnt/data/vhosts/casite-451734.cloudaccess.net/httpdocs/libraries/joomla/application/component/helper.php(383): require_once("/mnt/data/vhosts/casite-451734.cloudaccess.net/httpdocs/components/com_civicr...")
#12 /mnt/data/vhosts/casite-451734.cloudaccess.net/httpdocs/libraries/joomla/application/component/helper.php(351): JComponentHelper::executeComponent("/mnt/data/vhosts/casite-451734.cloudaccess.net/httpdocs/components/com_civicr...")
#13 /mnt/data/vhosts/casite-451734.cloudaccess.net/httpdocs/includes/application.php(197): JComponentHelper::renderComponent("com_civicrm")
#14 /mnt/data/vhosts/casite-451734.cloudaccess.net/httpdocs/index.php(42): JSite->dispatch()
#15 {main}


Oct 21 22:09:29  [info] $Fatal Error Details = Array
(
    [message] => You do not have permission to access this page
    [code] => 
)


Oct 21 22:09:29  [info] $backTrace = #0 /mnt/data/vhosts/casite-451734.cloudaccess.net/httpdocs/administrator/components/com_civicrm/civicrm/CRM/Core/Error.php(306): CRM_Core_Error::backtrace("backTrace", TRUE)
#1 /mnt/data/vhosts/casite-451734.cloudaccess.net/httpdocs/administrator/components/com_civicrm/civicrm/CRM/Utils/System/Joomla.php(485): CRM_Core_Error::fatal("You do not have permission to access this page")
#2 /mnt/data/vhosts/casite-451734.cloudaccess.net/httpdocs/administrator/components/com_civicrm/civicrm/CRM/Utils/System.php(212): CRM_Utils_System_Joomla->permissionDenied()
#3 /mnt/data/vhosts/casite-451734.cloudaccess.net/httpdocs/administrator/components/com_civicrm/civicrm/CRM/Core/Invoke.php(130): CRM_Utils_System::permissionDenied()
#4 /mnt/data/vhosts/casite-451734.cloudaccess.net/httpdocs/components/com_civicrm/civicrm.php(78): CRM_Core_Invoke::invoke((Array:3))
#5 /mnt/data/vhosts/casite-451734.cloudaccess.net/httpdocs/components/com_civicrm/civicrm.php(18): civicrm_invoke()
#6 /mnt/data/vhosts/casite-451734.cloudaccess.net/httpdocs/libraries/joomla/application/component/helper.php(383): require_once("/mnt/data/vhosts/casite-451734.cloudaccess.net/httpdocs/components/com_civicr...")
#7 /mnt/data/vhosts/casite-451734.cloudaccess.net/httpdocs/libraries/joomla/application/component/helper.php(351): JComponentHelper::executeComponent("/mnt/data/vhosts/casite-451734.cloudaccess.net/httpdocs/components/com_civicr...")
#8 /mnt/data/vhosts/casite-451734.cloudaccess.net/httpdocs/includes/application.php(197): JComponentHelper::renderComponent("com_civicrm")
#9 /mnt/data/vhosts/casite-451734.cloudaccess.net/httpdocs/index.php(42): JSite->dispatch()
#10 {main}


Oct 23 14:18:24  [info] $Fatal Error Details = Array
(
    [message] => You do not have permission to access this page
    [code] => 
)


Oct 23 14:18:24  [info] $backTrace = #0 /mnt/data/vhosts/casite-451734.cloudaccess.net/httpdocs/administrator/components/com_civicrm/civicrm/CRM/Core/Error.php(306): CRM_Core_Error::backtrace("backTrace", TRUE)
#1 /mnt/data/vhosts/casite-451734.cloudaccess.net/httpdocs/administrator/components/com_civicrm/civicrm/CRM/Utils/System/Joomla.php(485): CRM_Core_Error::fatal("You do not have permission to access this page")
#2 /mnt/data/vhosts/casite-451734.cloudaccess.net/httpdocs/administrator/components/com_civicrm/civicrm/CRM/Utils/System.php(212): CRM_Utils_System_Joomla->permissionDenied()
#3 /mnt/data/vhosts/casite-451734.cloudaccess.net/httpdocs/administrator/components/com_civicrm/civicrm/CRM/Core/Invoke.php(130): CRM_Utils_System::permissionDenied()
#4 /mnt/data/vhosts/casite-451734.cloudaccess.net/httpdocs/components/com_civicrm/civicrm.php(78): CRM_Core_Invoke::invoke((Array:5))
#5 /mnt/data/vhosts/casite-451734.cloudaccess.net/httpdocs/components/com_civicrm/civicrm.php(18): civicrm_invoke()
#6 /mnt/data/vhosts/casite-451734.cloudaccess.net/httpdocs/libraries/joomla/application/component/helper.php(383): require_once("/mnt/data/vhosts/casite-451734.cloudaccess.net/httpdocs/components/com_civicr...")
#7 /mnt/data/vhosts/casite-451734.cloudaccess.net/httpdocs/libraries/joomla/application/component/helper.php(351): JComponentHelper::executeComponent("/mnt/data/vhosts/casite-451734.cloudaccess.net/httpdocs/components/com_civicr...")
#8 /mnt/data/vhosts/casite-451734.cloudaccess.net/httpdocs/includes/application.php(197): JComponentHelper::renderComponent("com_civicrm")
#9 /mnt/data/vhosts/casite-451734.cloudaccess.net/httpdocs/index.php(42): JSite->dispatch()
#10 {main}


Oct 23 14:18:49  [info] $Fatal Error Details = Array
(
    [message] => You do not have permission to access this page
    [code] => 
)


Oct 23 14:18:49  [info] $backTrace = #0 /mnt/data/vhosts/casite-451734.cloudaccess.net/httpdocs/administrator/components/com_civicrm/civicrm/CRM/Core/Error.php(306): CRM_Core_Error::backtrace("backTrace", TRUE)
#1 /mnt/data/vhosts/casite-451734.cloudaccess.net/httpdocs/administrator/components/com_civicrm/civicrm/CRM/Utils/System/Joomla.php(485): CRM_Core_Error::fatal("You do not have permission to access this page")
#2 /mnt/data/vhosts/casite-451734.cloudaccess.net/httpdocs/administrator/components/com_civicrm/civicrm/CRM/Utils/System.php(212): CRM_Utils_System_Joomla->permissionDenied()
#3 /mnt/data/vhosts/casite-451734.cloudaccess.net/httpdocs/administrator/components/com_civicrm/civicrm/CRM/Core/Invoke.php(130): CRM_Utils_System::permissionDenied()
#4 /mnt/data/vhosts/casite-451734.cloudaccess.net/httpdocs/components/com_civicrm/civicrm.php(78): CRM_Core_Invoke::invoke((Array:5))
#5 /mnt/data/vhosts/casite-451734.cloudaccess.net/httpdocs/components/com_civicrm/civicrm.php(18): civicrm_invoke()
#6 /mnt/data/vhosts/casite-451734.cloudaccess.net/httpdocs/libraries/joomla/application/component/helper.php(383): require_once("/mnt/data/vhosts/casite-451734.cloudaccess.net/httpdocs/components/com_civicr...")
#7 /mnt/data/vhosts/casite-451734.cloudaccess.net/httpdocs/libraries/joomla/application/component/helper.php(351): JComponentHelper::executeComponent("/mnt/data/vhosts/casite-451734.cloudaccess.net/httpdocs/components/com_civicr...")
#8 /mnt/data/vhosts/casite-451734.cloudaccess.net/httpdocs/includes/application.php(197): JComponentHelper::renderComponent("com_civicrm")
#9 /mnt/data/vhosts/casite-451734.cloudaccess.net/httpdocs/index.php(42): JSite->dispatch()
#10 {main}


